C51 COMPILER V9.60.0.0   KEYPAD                                                            04/10/2021 16:18:35 PAGE 1   


C51 COMPILER V9.60.0.0, COMPILATION OF MODULE KEYPAD
OBJECT MODULE PLACED IN C:\111\evm\keypad.obj
COMPILER INVOKED BY: C:\Keil_v5\C51\BIN\C51.EXE keypad.c OPTIMIZE(8,SPEED) BROWSE DEBUG OBJECTEXTEND TABS(2) OBJECT(C:\1
                    -11\evm\keypad.obj)

line level    source

   1          #include<reg51.h>
   2          #include"keypad.h"
   3          #include"delay.h"
   4          //#define keypad P1
   5          
   6          sbit r3=P1^4;
   7          sbit r2=P1^5;
   8          sbit r1=P1^6;
   9          sbit r0=P1^7;
  10          
  11          sbit c0=P1^3;
  12          sbit c1=P1^2;
  13          sbit c2=P1^1;
  14          sbit c3=P1^0;
  15          
  16          
  17          //unsigned char key_otp[5];
  18          char row_val,col_val;
  19          
  20          code char a[][4]={'1','2','3','A','4','5','6','B','7','8','9','C','*','0','#','D'};
  21          
  22            void row_init(void)
  23            {
  24   1          r0=r1=r2=r3=0;
  25   1        }
  26          
  27            bit col_status(void)
  28            {
  29   1          return(c0&&c1&&c2&&c3);
  30   1        }
  31          
  32            char key_scan(void)
  33            {
  34   1          row_init();
  35   1         while(col_status());
  36   1          r0=0;r1=r2=r3=1;
  37   1        if(!col_status())
  38   1         {
  39   2          row_val=0;
  40   2          goto col_check;
  41   2         }
  42   1      
  43   1         r1=0;r0=r2=r3=1;
  44   1        if(!col_status())
  45   1         {
  46   2          row_val=1;
  47   2          goto col_check;
  48   2         }
  49   1      
  50   1          r2=0;r0=r1=r3=1;
  51   1        if(!col_status())
  52   1         {
  53   2          row_val=2;
  54   2          goto col_check;
C51 COMPILER V9.60.0.0   KEYPAD                                                            04/10/2021 16:18:35 PAGE 2   

  55   2         }
  56   1      
  57   1          r3=0;r0=r2=r1=1;
  58   1        if(!col_status())
  59   1         {
  60   2          row_val=3;
  61   2          goto col_check;
  62   2         }
  63   1      
  64   1         col_check:
  65   1                if(c0==0)
  66   1              col_val=0;
  67   1              else if(c1==0)
  68   1               col_val=1;
  69   1               else if(c2==0)
  70   1                col_val=2;
  71   1              else
  72   1               col_val=3;
  73   1              while(!col_status());
  74   1            delay_ms(100);
  75   1           return(a[row_val][col_val]);
  76   1      }
  77          


MODULE INFORMATION:   STATIC OVERLAYABLE
   CODE SIZE        =    189    ----
   CONSTANT SIZE    =     16    ----
   XDATA SIZE       =   ----    ----
   PDATA SIZE       =   ----    ----
   DATA SIZE        =      2    ----
   IDATA SIZE       =   ----    ----
   BIT SIZE         =   ----    ----
END OF MODULE INFORMATION.


C51 COMPILATION COMPLETE.  0 WARNING(S),  0 ERROR(S)
