C51 COMPILER V9.60.0.0   LCD                                                               04/10/2021 16:18:35 PAGE 1   


C51 COMPILER V9.60.0.0, COMPILATION OF MODULE LCD
OBJECT MODULE PLACED IN C:\111\evm\lcd.obj
COMPILER INVOKED BY: C:\Keil_v5\C51\BIN\C51.EXE lcd.c OPTIMIZE(8,SPEED) BROWSE DEBUG OBJECTEXTEND TABS(2) OBJECT(C:\111\
                    -evm\lcd.obj)

line level    source

   1          #include<reg51.h>
   2          #include"delay.h"
   3          #include"lcd.h"
   4          
   5          #define LCD P0
   6          
   7          
   8          sbit rs=P3^4;
   9          sbit rw=P3^5;
  10          sbit en=P3^6;
  11          
  12          
  13          
  14          
  15          void lcd_disp(unsigned char ch)
  16          {
  17   1      rw=0;
  18   1      LCD=ch;
  19   1      en=1;
  20   1      en=0;
  21   1      delay_ms(2);
  22   1      }
  23          
  24          
  25          void lcd_char(unsigned int ch)
  26          {
  27   1      rs=1;
  28   1      lcd_disp(ch);
  29   1      }
  30          
  31          void lcd_str(unsigned char *p)
  32          {
  33   1      while(*p!='\0')
  34   1       lcd_char(*p++);
  35   1      }
  36          
  37          
  38          
  39          
  40          void lcd_cmd(unsigned char cmd)
  41          {
  42   1      rs=0;
  43   1      lcd_disp(cmd);
  44   1      }
  45          
  46          void lcd_init()
  47          {
  48   1       
  49   1       lcd_cmd(0x30);
  50   1       delay_ms(16);
  51   1       lcd_cmd(0x30);
  52   1       delay_ms(1);
  53   1       lcd_cmd(0x30);
  54   1       delay_ms(1);
C51 COMPILER V9.60.0.0   LCD                                                               04/10/2021 16:18:35 PAGE 2   

  55   1      
  56   1       lcd_cmd(0x38);
  57   1       lcd_cmd(0x10);
  58   1       lcd_cmd(0x06);
  59   1       lcd_cmd(0x01);
  60   1       lcd_cmd(0x0f);
  61   1      }
  62          
  63          
  64          
  65          
  66          


MODULE INFORMATION:   STATIC OVERLAYABLE
   CODE SIZE        =    125    ----
   CONSTANT SIZE    =   ----    ----
   XDATA SIZE       =   ----    ----
   PDATA SIZE       =   ----    ----
   DATA SIZE        =   ----       3
   IDATA SIZE       =   ----    ----
   BIT SIZE         =   ----    ----
END OF MODULE INFORMATION.


C51 COMPILATION COMPLETE.  0 WARNING(S),  0 ERROR(S)
