C51 COMPILER V9.60.0.0   OTP                                                               04/10/2021 16:18:35 PAGE 1   


C51 COMPILER V9.60.0.0, COMPILATION OF MODULE OTP
OBJECT MODULE PLACED IN C:\111\evm\otp.obj
COMPILER INVOKED BY: C:\Keil_v5\C51\BIN\C51.EXE otp.c OPTIMIZE(8,SPEED) BROWSE DEBUG OBJECTEXTEND TABS(2) OBJECT(C:\111\
                    -evm\otp.obj)

line level    source

   1          #include<reg51.h>
   2          #include<stdlib.h>
   3          #include"lcd.h"
   4          #include"keypad.h"
   5          #include"delay.h"
   6          
   7          unsigned char otp[5],key_otp[5]; 
   8          
   9          
  10          void otp_gen(void)
  11          {
  12   1        int i,n;
  13   1        for(i=0;i<4;i++)
  14   1        {
  15   2           n=rand()%8+1;
  16   2          otp[i]=n+48;
  17   2         }
  18   1      
  19   1         otp[i]='\0';
  20   1      
  21   1       }
  22          
  23          /*void  key_press(void)
  24          {
  25            
  26            int i,n;
  27          
  28            for(i=0;i<4;i++)
  29            { 
  30              n=key_scan();
  31              key_otp[i]=n-48;
  32              lcd_char('*');
  33            }
  34              delay_ms(1000);
  35            key_otp[i]='\0';
  36          }*/


MODULE INFORMATION:   STATIC OVERLAYABLE
   CODE SIZE        =     60    ----
   CONSTANT SIZE    =   ----    ----
   XDATA SIZE       =   ----    ----
   PDATA SIZE       =   ----    ----
   DATA SIZE        =     10       2
   IDATA SIZE       =   ----    ----
   BIT SIZE         =   ----    ----
END OF MODULE INFORMATION.


C51 COMPILATION COMPLETE.  0 WARNING(S),  0 ERROR(S)
